# JRE version: OpenJDK Runtime Environment Temurin-21.0.10+7 (21.0.10+7) (build 21.0.10+7-LTS)
# Java VM: OpenJDK 64-Bit Server VM Temurin-21.0.10+7 (21.0.10+7-LTS, mixed mode, sharing, tiered, compressed oops, compressed class ptrs, parallel gc, windows-amd64)
GC Precious Log:
 CardTable entry size: 512
 CPUs: 12 total, 12 available
 Memory: 16068M
 Large Page Support: Disabled
 NUMA Support: Disabled
 Compressed Oops: Enabled (32-bit)
 Alignments: Space 512K, Generation 512K, Heap 2M
 Heap Min Capacity: 100M
 Heap Initial Capacity: 100M
 Heap Max Capacity: 2G
 Pre-touch: Disabled
 Parallel Workers: 10
Heap:
 PSYoungGen      total 15360K, used 3392K [0x00000000d5580000, 0x00000000d6700000, 0x0000000100000000)
  eden space 13824K, 13% used [0x00000000d5580000,0x00000000d57540c0,0x00000000d6300000)
  from space 1536K, 98% used [0x00000000d6300000,0x00000000d647c030,0x00000000d6480000)
  to   space 2048K, 0% used [0x00000000d6500000,0x00000000d6500000,0x00000000d6700000)
 ParOldGen       total 79872K, used 79483K [0x0000000080000000, 0x0000000084e00000, 0x00000000d5580000)
  object space 79872K, 99% used [0x0000000080000000,0x0000000084d9ec20,0x0000000084e00000)
 Metaspace       used 68647K, committed 70208K, reserved 1114112K
  class space    used 7262K, committed 7936K, reserved 1048576K
GC Heap History (20 events):
Event: 20.542 GC heap before
{Heap before GC invocations=81 (full 3):
 PSYoungGen      total 17408K, used 17169K [0x00000000d5580000, 0x00000000d6780000, 0x0000000100000000)
  eden space 16384K, 100% used [0x00000000d5580000,0x00000000d6580000,0x00000000d6580000)
  from space 1024K, 76% used [0x00000000d6580000,0x00000000d6644488,0x00000000d6680000)
  to   space 1024K, 0% used [0x00000000d6680000,0x00000000d6680000,0x00000000d6780000)
 ParOldGen       total 77824K, used 72958K [0x0000000080000000, 0x0000000084c00000, 0x00000000d5580000)
  object space 77824K, 93% used [0x0000000080000000,0x000000008473fa70,0x0000000084c00000)
 Metaspace       used 67906K, committed 69504K, reserved 1114112K
  class space    used 7222K, committed 7936K, reserved 1048576K
}
Event: 20.543 GC heap after
{Heap after GC invocations=81 (full 3):
 PSYoungGen      total 17408K, used 576K [0x00000000d5580000, 0x00000000d6780000, 0x0000000100000000)
  eden space 16384K, 0% used [0x00000000d5580000,0x00000000d5580000,0x00000000d6580000)
  from space 1024K, 56% used [0x00000000d6680000,0x00000000d6710000,0x00000000d6780000)
  to   space 1024K, 0% used [0x00000000d6580000,0x00000000d6580000,0x00000000d6680000)
 ParOldGen       total 77824K, used 73432K [0x0000000080000000, 0x0000000084c00000, 0x00000000d5580000)
  object space 77824K, 94% used [0x0000000080000000,0x00000000847b6058,0x0000000084c00000)
 Metaspace       used 67906K, committed 69504K, reserved 1114112K
  class space    used 7222K, committed 7936K, reserved 1048576K
}
Event: 20.572 GC heap before
{Heap before GC invocations=82 (full 3):
 PSYoungGen      total 17408K, used 16960K [0x00000000d5580000, 0x00000000d6780000, 0x0000000100000000)
  eden space 16384K, 100% used [0x00000000d5580000,0x00000000d6580000,0x00000000d6580000)
  from space 1024K, 56% used [0x00000000d6680000,0x00000000d6710000,0x00000000d6780000)
  to   space 1024K, 0% used [0x00000000d6580000,0x00000000d6580000,0x00000000d6680000)
 ParOldGen       total 77824K, used 73432K [0x0000000080000000, 0x0000000084c00000, 0x00000000d5580000)
  object space 77824K, 94% used [0x0000000080000000,0x00000000847b6058,0x0000000084c00000)
 Metaspace       used 67906K, committed 69504K, reserved 1114112K
  class space    used 7222K, committed 7936K, reserved 1048576K
}
Event: 20.573 GC heap after
{Heap after GC invocations=82 (full 3):
 PSYoungGen      total 17408K, used 640K [0x00000000d5580000, 0x00000000d6780000, 0x0000000100000000)
  eden space 16384K, 0% used [0x00000000d5580000,0x00000000d5580000,0x00000000d6580000)
  from space 1024K, 62% used [0x00000000d6580000,0x00000000d6620000,0x00000000d6680000)
  to   space 1024K, 0% used [0x00000000d6680000,0x00000000d6680000,0x00000000d6780000)
 ParOldGen       total 77824K, used 73717K [0x0000000080000000, 0x0000000084c00000, 0x00000000d5580000)
  object space 77824K, 94% used [0x0000000080000000,0x00000000847fd5c8,0x0000000084c00000)
 Metaspace       used 67906K, committed 69504K, reserved 1114112K
  class space    used 7222K, committed 7936K, reserved 1048576K
}
Event: 20.599 GC heap before
{Heap before GC invocations=83 (full 3):
 PSYoungGen      total 17408K, used 17024K [0x00000000d5580000, 0x00000000d6780000, 0x0000000100000000)
  eden space 16384K, 100% used [0x00000000d5580000,0x00000000d6580000,0x00000000d6580000)
  from space 1024K, 62% used [0x00000000d6580000,0x00000000d6620000,0x00000000d6680000)
  to   space 1024K, 0% used [0x00000000d6680000,0x00000000d6680000,0x00000000d6780000)
 ParOldGen       total 77824K, used 73717K [0x0000000080000000, 0x0000000084c00000, 0x00000000d5580000)
  object space 77824K, 94% used [0x0000000080000000,0x00000000847fd5c8,0x0000000084c00000)
 Metaspace       used 67907K, committed 69504K, reserved 1114112K
  class space    used 7222K, committed 7936K, reserved 1048576K
}
Event: 20.600 GC heap after
{Heap after GC invocations=83 (full 3):
 PSYoungGen      total 17408K, used 625K [0x00000000d5580000, 0x00000000d6780000, 0x0000000100000000)
  eden space 16384K, 0% used [0x00000000d5580000,0x00000000d5580000,0x00000000d6580000)
  from space 1024K, 61% used [0x00000000d6680000,0x00000000d671c400,0x00000000d6780000)
  to   space 1024K, 0% used [0x00000000d6580000,0x00000000d6580000,0x00000000d6680000)
 ParOldGen       total 77824K, used 74151K [0x0000000080000000, 0x0000000084c00000, 0x00000000d5580000)
  object space 77824K, 95% used [0x0000000080000000,0x0000000084869db0,0x0000000084c00000)
 Metaspace       used 67907K, committed 69504K, reserved 1114112K
  class space    used 7222K, committed 7936K, reserved 1048576K
}
Event: 20.624 GC heap before
{Heap before GC invocations=84 (full 3):
 PSYoungGen      total 17408K, used 17009K [0x00000000d5580000, 0x00000000d6780000, 0x0000000100000000)
  eden space 16384K, 100% used [0x00000000d5580000,0x00000000d6580000,0x00000000d6580000)
  from space 1024K, 61% used [0x00000000d6680000,0x00000000d671c400,0x00000000d6780000)
  to   space 1024K, 0% used [0x00000000d6580000,0x00000000d6580000,0x00000000d6680000)
 ParOldGen       total 77824K, used 74151K [0x0000000080000000, 0x0000000084c00000, 0x00000000d5580000)
  object space 77824K, 95% used [0x0000000080000000,0x0000000084869db0,0x0000000084c00000)
 Metaspace       used 67908K, committed 69504K, reserved 1114112K
  class space    used 7222K, committed 7936K, reserved 1048576K
}
Event: 20.626 GC heap after
{Heap after GC invocations=84 (full 3):
 PSYoungGen      total 17408K, used 745K [0x00000000d5580000, 0x00000000d6780000, 0x0000000100000000)
  eden space 16384K, 0% used [0x00000000d5580000,0x00000000d5580000,0x00000000d6580000)
  from space 1024K, 72% used [0x00000000d6580000,0x00000000d663a600,0x00000000d6680000)
  to   space 1024K, 0% used [0x00000000d6680000,0x00000000d6680000,0x00000000d6780000)
 ParOldGen       total 77824K, used 74552K [0x0000000080000000, 0x0000000084c00000, 0x00000000d5580000)
  object space 77824K, 95% used [0x0000000080000000,0x00000000848ce1b0,0x0000000084c00000)
 Metaspace       used 67908K, committed 69504K, reserved 1114112K
  class space    used 7222K, committed 7936K, reserved 1048576K
}
Event: 20.649 GC heap before
{Heap before GC invocations=85 (full 3):
 PSYoungGen      total 17408K, used 17129K [0x00000000d5580000, 0x00000000d6780000, 0x0000000100000000)
  eden space 16384K, 100% used [0x00000000d5580000,0x00000000d6580000,0x00000000d6580000)
  from space 1024K, 72% used [0x00000000d6580000,0x00000000d663a600,0x00000000d6680000)
  to   space 1024K, 0% used [0x00000000d6680000,0x00000000d6680000,0x00000000d6780000)
 ParOldGen       total 77824K, used 74552K [0x0000000080000000, 0x0000000084c00000, 0x00000000d5580000)
  object space 77824K, 95% used [0x0000000080000000,0x00000000848ce1b0,0x0000000084c00000)
 Metaspace       used 67908K, committed 69504K, reserved 1114112K
  class space    used 7222K, committed 7936K, reserved 1048576K
}
Event: 20.650 GC heap after
{Heap after GC invocations=85 (full 3):
 PSYoungGen      total 16384K, used 1001K [0x00000000d5580000, 0x00000000d6980000, 0x0000000100000000)
  eden space 15360K, 0% used [0x00000000d5580000,0x00000000d5580000,0x00000000d6480000)
  from space 1024K, 97% used [0x00000000d6680000,0x00000000d677a520,0x00000000d6780000)
  to   space 2048K, 0% used [0x00000000d6480000,0x00000000d6480000,0x00000000d6680000)
 ParOldGen       total 77824K, used 75203K [0x0000000080000000, 0x0000000084c00000, 0x00000000d5580000)
  object space 77824K, 96% used [0x0000000080000000,0x0000000084970e70,0x0000000084c00000)
 Metaspace       used 67908K, committed 69504K, reserved 1114112K
  class space    used 7222K, committed 7936K, reserved 1048576K
}
Event: 20.666 GC heap before
{Heap before GC invocations=86 (full 3):
 PSYoungGen      total 16384K, used 16361K [0x00000000d5580000, 0x00000000d6980000, 0x0000000100000000)
  eden space 15360K, 100% used [0x00000000d5580000,0x00000000d6480000,0x00000000d6480000)
  from space 1024K, 97% used [0x00000000d6680000,0x00000000d677a520,0x00000000d6780000)
  to   space 2048K, 0% used [0x00000000d6480000,0x00000000d6480000,0x00000000d6680000)
 ParOldGen       total 77824K, used 75203K [0x0000000080000000, 0x0000000084c00000, 0x00000000d5580000)
  object space 77824K, 96% used [0x0000000080000000,0x0000000084970e70,0x0000000084c00000)
 Metaspace       used 67908K, committed 69504K, reserved 1114112K
  class space    used 7222K, committed 7936K, reserved 1048576K
}
Event: 20.667 GC heap after
{Heap after GC invocations=86 (full 3):
 PSYoungGen      total 15872K, used 320K [0x00000000d5580000, 0x00000000d6700000, 0x0000000100000000)
  eden space 15360K, 0% used [0x00000000d5580000,0x00000000d5580000,0x00000000d6480000)
  from space 512K, 62% used [0x00000000d6480000,0x00000000d64d0000,0x00000000d6500000)
  to   space 1024K, 0% used [0x00000000d6600000,0x00000000d6600000,0x00000000d6700000)
 ParOldGen       total 77824K, used 76209K [0x0000000080000000, 0x0000000084c00000, 0x00000000d5580000)
  object space 77824K, 97% used [0x0000000080000000,0x0000000084a6c698,0x0000000084c00000)
 Metaspace       used 67908K, committed 69504K, reserved 1114112K
  class space    used 7222K, committed 7936K, reserved 1048576K
}
Event: 20.693 GC heap before
{Heap before GC invocations=87 (full 3):
 PSYoungGen      total 15872K, used 15680K [0x00000000d5580000, 0x00000000d6700000, 0x0000000100000000)
  eden space 15360K, 100% used [0x00000000d5580000,0x00000000d6480000,0x00000000d6480000)
  from space 512K, 62% used [0x00000000d6480000,0x00000000d64d0000,0x00000000d6500000)
  to   space 1024K, 0% used [0x00000000d6600000,0x00000000d6600000,0x00000000d6700000)
 ParOldGen       total 77824K, used 76209K [0x0000000080000000, 0x0000000084c00000, 0x00000000d5580000)
  object space 77824K, 97% used [0x0000000080000000,0x0000000084a6c698,0x0000000084c00000)
 Metaspace       used 67913K, committed 69504K, reserved 1114112K
  class space    used 7222K, committed 7936K, reserved 1048576K
}
Event: 20.694 GC heap after
{Heap after GC invocations=87 (full 3):
 PSYoungGen      total 16384K, used 557K [0x00000000d5580000, 0x00000000d6700000, 0x0000000100000000)
  eden space 15360K, 0% used [0x00000000d5580000,0x00000000d5580000,0x00000000d6480000)
  from space 1024K, 54% used [0x00000000d6600000,0x00000000d668b538,0x00000000d6700000)
  to   space 1024K, 0% used [0x00000000d6500000,0x00000000d6500000,0x00000000d6600000)
 ParOldGen       total 77824K, used 76505K [0x0000000080000000, 0x0000000084c00000, 0x00000000d5580000)
  object space 77824K, 98% used [0x0000000080000000,0x0000000084ab6698,0x0000000084c00000)
 Metaspace       used 67913K, committed 69504K, reserved 1114112K
  class space    used 7222K, committed 7936K, reserved 1048576K
}
Event: 20.716 GC heap before
{Heap before GC invocations=88 (full 3):
 PSYoungGen      total 16384K, used 15917K [0x00000000d5580000, 0x00000000d6700000, 0x0000000100000000)
  eden space 15360K, 100% used [0x00000000d5580000,0x00000000d6480000,0x00000000d6480000)
  from space 1024K, 54% used [0x00000000d6600000,0x00000000d668b538,0x00000000d6700000)
  to   space 1024K, 0% used [0x00000000d6500000,0x00000000d6500000,0x00000000d6600000)
 ParOldGen       total 77824K, used 76505K [0x0000000080000000, 0x0000000084c00000, 0x00000000d5580000)
  object space 77824K, 98% used [0x0000000080000000,0x0000000084ab6698,0x0000000084c00000)
 Metaspace       used 67916K, committed 69504K, reserved 1114112K
  class space    used 7222K, committed 7936K, reserved 1048576K
}
Event: 20.717 GC heap after
{Heap after GC invocations=88 (full 3):
 PSYoungGen      total 16384K, used 952K [0x00000000d5580000, 0x00000000d6780000, 0x0000000100000000)
  eden space 15360K, 0% used [0x00000000d5580000,0x00000000d5580000,0x00000000d6480000)
  from space 1024K, 93% used [0x00000000d6500000,0x00000000d65ee2d0,0x00000000d6600000)
  to   space 1536K, 0% used [0x00000000d6600000,0x00000000d6600000,0x00000000d6780000)
 ParOldGen       total 77824K, used 76970K [0x0000000080000000, 0x0000000084c00000, 0x00000000d5580000)
  object space 77824K, 98% used [0x0000000080000000,0x0000000084b2aab8,0x0000000084c00000)
 Metaspace       used 67916K, committed 69504K, reserved 1114112K
  class space    used 7222K, committed 7936K, reserved 1048576K
}
Event: 20.957 GC heap before
{Heap before GC invocations=89 (full 3):
 PSYoungGen      total 16384K, used 16312K [0x00000000d5580000, 0x00000000d6780000, 0x0000000100000000)
  eden space 15360K, 100% used [0x00000000d5580000,0x00000000d6480000,0x00000000d6480000)
  from space 1024K, 93% used [0x00000000d6500000,0x00000000d65ee2d0,0x00000000d6600000)
  to   space 1536K, 0% used [0x00000000d6600000,0x00000000d6600000,0x00000000d6780000)
 ParOldGen       total 77824K, used 76970K [0x0000000080000000, 0x0000000084c00000, 0x00000000d5580000)
  object space 77824K, 98% used [0x0000000080000000,0x0000000084b2aab8,0x0000000084c00000)
 Metaspace       used 68280K, committed 69824K, reserved 1114112K
  class space    used 7252K, committed 7936K, reserved 1048576K
}
Event: 20.962 GC heap after
{Heap after GC invocations=89 (full 3):
 PSYoungGen      total 15360K, used 1530K [0x00000000d5580000, 0x00000000d6a80000, 0x0000000100000000)
  eden space 13824K, 0% used [0x00000000d5580000,0x00000000d5580000,0x00000000d6300000)
  from space 1536K, 99% used [0x00000000d6600000,0x00000000d677e918,0x00000000d6780000)
  to   space 3072K, 0% used [0x00000000d6300000,0x00000000d6300000,0x00000000d6600000)
 ParOldGen       total 78336K, used 77955K [0x0000000080000000, 0x0000000084c80000, 0x00000000d5580000)
  object space 78336K, 99% used [0x0000000080000000,0x0000000084c20cd8,0x0000000084c80000)
 Metaspace       used 68280K, committed 69824K, reserved 1114112K
  class space    used 7252K, committed 7936K, reserved 1048576K
}
Event: 31.516 GC heap before
{Heap before GC invocations=90 (full 3):
 PSYoungGen      total 15360K, used 15354K [0x00000000d5580000, 0x00000000d6a80000, 0x0000000100000000)
  eden space 13824K, 99% used [0x00000000d5580000,0x00000000d62fffe8,0x00000000d6300000)
  from space 1536K, 99% used [0x00000000d6600000,0x00000000d677e918,0x00000000d6780000)
  to   space 3072K, 0% used [0x00000000d6300000,0x00000000d6300000,0x00000000d6600000)
 ParOldGen       total 78336K, used 77955K [0x0000000080000000, 0x0000000084c80000, 0x00000000d5580000)
  object space 78336K, 99% used [0x0000000080000000,0x0000000084c20cd8,0x0000000084c80000)
 Metaspace       used 68461K, committed 70016K, reserved 1114112K
  class space    used 7253K, committed 7936K, reserved 1048576K
}
Event: 31.520 GC heap after
{Heap after GC invocations=90 (full 3):
 PSYoungGen      total 15360K, used 1520K [0x00000000d5580000, 0x00000000d6700000, 0x0000000100000000)
  eden space 13824K, 0% used [0x00000000d5580000,0x00000000d5580000,0x00000000d6300000)
  from space 1536K, 98% used [0x00000000d6300000,0x00000000d647c030,0x00000000d6480000)
  to   space 2048K, 0% used [0x00000000d6500000,0x00000000d6500000,0x00000000d6700000)
 ParOldGen       total 79872K, used 79483K [0x0000000080000000, 0x0000000084e00000, 0x00000000d5580000)
  object space 79872K, 99% used [0x0000000080000000,0x0000000084d9ec20,0x0000000084e00000)
 Metaspace       used 68461K, committed 70016K, reserved 1114112K
  class space    used 7253K, committed 7936K, reserved 1048576K
}

