# JRE version: OpenJDK Runtime Environment Temurin-21.0.10+7 (21.0.10+7) (build 21.0.10+7-LTS)
# Java VM: OpenJDK 64-Bit Server VM Temurin-21.0.10+7 (21.0.10+7-LTS, mixed mode, sharing, tiered, compressed oops, compressed class ptrs, parallel gc, windows-amd64)
GC Precious Log:
 CardTable entry size: 512
 CPUs: 12 total, 12 available
 Memory: 16068M
 Large Page Support: Disabled
 NUMA Support: Disabled
 Compressed Oops: Enabled (32-bit)
 Alignments: Space 512K, Generation 512K, Heap 2M
 Heap Min Capacity: 100M
 Heap Initial Capacity: 100M
 Heap Max Capacity: 2G
 Pre-touch: Disabled
 Parallel Workers: 10
Heap:
 PSYoungGen      total 15360K, used 2047K [0x00000000d5580000, 0x00000000d6d00000, 0x0000000100000000)
  eden space 14336K, 8% used [0x00000000d5580000,0x00000000d56a6790,0x00000000d6380000)
  from space 1024K, 84% used [0x00000000d6380000,0x00000000d6459768,0x00000000d6480000)
  to   space 3584K, 0% used [0x00000000d6980000,0x00000000d6980000,0x00000000d6d00000)
 ParOldGen       total 68608K, used 60355K [0x0000000080000000, 0x0000000084300000, 0x00000000d5580000)
  object space 68608K, 87% used [0x0000000080000000,0x0000000083af0eb8,0x0000000084300000)
 Metaspace       used 59309K, committed 60800K, reserved 1114112K
  class space    used 6375K, committed 7040K, reserved 1048576K
GC Heap History (20 events):
Event: 12.768 GC heap before
{Heap before GC invocations=42 (full 2):
 PSYoungGen      total 23040K, used 23013K [0x00000000d5580000, 0x00000000d6f00000, 0x0000000100000000)
  eden space 22016K, 100% used [0x00000000d5580000,0x00000000d6b00000,0x00000000d6b00000)
  from space 1024K, 97% used [0x00000000d6c00000,0x00000000d6cf9738,0x00000000d6d00000)
  to   space 2048K, 0% used [0x00000000d6d00000,0x00000000d6d00000,0x00000000d6f00000)
 ParOldGen       total 68608K, used 54477K [0x0000000080000000, 0x0000000084300000, 0x00000000d5580000)
  object space 68608K, 79% used [0x0000000080000000,0x0000000083533490,0x0000000084300000)
 Metaspace       used 57975K, committed 59392K, reserved 1114112K
  class space    used 6246K, committed 6912K, reserved 1048576K
}
Event: 12.771 GC heap after
{Heap after GC invocations=42 (full 2):
 PSYoungGen      total 24064K, used 1702K [0x00000000d5580000, 0x00000000d6f00000, 0x0000000100000000)
  eden space 22016K, 0% used [0x00000000d5580000,0x00000000d5580000,0x00000000d6b00000)
  from space 2048K, 83% used [0x00000000d6d00000,0x00000000d6ea9b28,0x00000000d6f00000)
  to   space 2048K, 0% used [0x00000000d6b00000,0x00000000d6b00000,0x00000000d6d00000)
 ParOldGen       total 68608K, used 55145K [0x0000000080000000, 0x0000000084300000, 0x00000000d5580000)
  object space 68608K, 80% used [0x0000000080000000,0x00000000835da4b8,0x0000000084300000)
 Metaspace       used 57975K, committed 59392K, reserved 1114112K
  class space    used 6246K, committed 6912K, reserved 1048576K
}
Event: 13.889 GC heap before
{Heap before GC invocations=43 (full 2):
 PSYoungGen      total 24064K, used 8043K [0x00000000d5580000, 0x00000000d6f00000, 0x0000000100000000)
  eden space 22016K, 28% used [0x00000000d5580000,0x00000000d5bb1468,0x00000000d6b00000)
  from space 2048K, 83% used [0x00000000d6d00000,0x00000000d6ea9b28,0x00000000d6f00000)
  to   space 2048K, 0% used [0x00000000d6b00000,0x00000000d6b00000,0x00000000d6d00000)
 ParOldGen       total 68608K, used 55145K [0x0000000080000000, 0x0000000084300000, 0x00000000d5580000)
  object space 68608K, 80% used [0x0000000080000000,0x00000000835da4b8,0x0000000084300000)
 Metaspace       used 58427K, committed 59776K, reserved 1114112K
  class space    used 6296K, committed 6912K, reserved 1048576K
}
Event: 13.892 GC heap after
{Heap after GC invocations=43 (full 2):
 PSYoungGen      total 23552K, used 1216K [0x00000000d5580000, 0x00000000d6e00000, 0x0000000100000000)
  eden space 22016K, 0% used [0x00000000d5580000,0x00000000d5580000,0x00000000d6b00000)
  from space 1536K, 79% used [0x00000000d6b00000,0x00000000d6c30000,0x00000000d6c80000)
  to   space 1536K, 0% used [0x00000000d6c80000,0x00000000d6c80000,0x00000000d6e00000)
 ParOldGen       total 68608K, used 56114K [0x0000000080000000, 0x0000000084300000, 0x00000000d5580000)
  object space 68608K, 81% used [0x0000000080000000,0x00000000836ccbf8,0x0000000084300000)
 Metaspace       used 58427K, committed 59776K, reserved 1114112K
  class space    used 6296K, committed 6912K, reserved 1048576K
}
Event: 13.892 GC heap before
{Heap before GC invocations=44 (full 3):
 PSYoungGen      total 23552K, used 1216K [0x00000000d5580000, 0x00000000d6e00000, 0x0000000100000000)
  eden space 22016K, 0% used [0x00000000d5580000,0x00000000d5580000,0x00000000d6b00000)
  from space 1536K, 79% used [0x00000000d6b00000,0x00000000d6c30000,0x00000000d6c80000)
  to   space 1536K, 0% used [0x00000000d6c80000,0x00000000d6c80000,0x00000000d6e00000)
 ParOldGen       total 68608K, used 56114K [0x0000000080000000, 0x0000000084300000, 0x00000000d5580000)
  object space 68608K, 81% used [0x0000000080000000,0x00000000836ccbf8,0x0000000084300000)
 Metaspace       used 58427K, committed 59776K, reserved 1114112K
  class space    used 6296K, committed 6912K, reserved 1048576K
}
Event: 13.948 GC heap after
{Heap after GC invocations=44 (full 3):
 PSYoungGen      total 23552K, used 0K [0x00000000d5580000, 0x00000000d6e00000, 0x0000000100000000)
  eden space 22016K, 0% used [0x00000000d5580000,0x00000000d5580000,0x00000000d6b00000)
  from space 1536K, 0% used [0x00000000d6b00000,0x00000000d6b00000,0x00000000d6c80000)
  to   space 1536K, 0% used [0x00000000d6c80000,0x00000000d6c80000,0x00000000d6e00000)
 ParOldGen       total 68608K, used 46561K [0x0000000080000000, 0x0000000084300000, 0x00000000d5580000)
  object space 68608K, 67% used [0x0000000080000000,0x0000000082d78738,0x0000000084300000)
 Metaspace       used 58427K, committed 59776K, reserved 1114112K
  class space    used 6296K, committed 6912K, reserved 1048576K
}
Event: 14.073 GC heap before
{Heap before GC invocations=45 (full 3):
 PSYoungGen      total 23552K, used 22016K [0x00000000d5580000, 0x00000000d6e00000, 0x0000000100000000)
  eden space 22016K, 100% used [0x00000000d5580000,0x00000000d6b00000,0x00000000d6b00000)
  from space 1536K, 0% used [0x00000000d6b00000,0x00000000d6b00000,0x00000000d6c80000)
  to   space 1536K, 0% used [0x00000000d6c80000,0x00000000d6c80000,0x00000000d6e00000)
 ParOldGen       total 68608K, used 46561K [0x0000000080000000, 0x0000000084300000, 0x00000000d5580000)
  object space 68608K, 67% used [0x0000000080000000,0x0000000082d78738,0x0000000084300000)
 Metaspace       used 58643K, committed 60096K, reserved 1114112K
  class space    used 6311K, committed 6976K, reserved 1048576K
}
Event: 14.074 GC heap after
{Heap after GC invocations=45 (full 3):
 PSYoungGen      total 22528K, used 1504K [0x00000000d5580000, 0x00000000d7000000, 0x0000000100000000)
  eden space 20992K, 0% used [0x00000000d5580000,0x00000000d5580000,0x00000000d6a00000)
  from space 1536K, 97% used [0x00000000d6c80000,0x00000000d6df8010,0x00000000d6e00000)
  to   space 2560K, 0% used [0x00000000d6a00000,0x00000000d6a00000,0x00000000d6c80000)
 ParOldGen       total 68608K, used 46993K [0x0000000080000000, 0x0000000084300000, 0x00000000d5580000)
  object space 68608K, 68% used [0x0000000080000000,0x0000000082de4738,0x0000000084300000)
 Metaspace       used 58643K, committed 60096K, reserved 1114112K
  class space    used 6311K, committed 6976K, reserved 1048576K
}
Event: 14.106 GC heap before
{Heap before GC invocations=46 (full 3):
 PSYoungGen      total 22528K, used 22496K [0x00000000d5580000, 0x00000000d7000000, 0x0000000100000000)
  eden space 20992K, 100% used [0x00000000d5580000,0x00000000d6a00000,0x00000000d6a00000)
  from space 1536K, 97% used [0x00000000d6c80000,0x00000000d6df8010,0x00000000d6e00000)
  to   space 2560K, 0% used [0x00000000d6a00000,0x00000000d6a00000,0x00000000d6c80000)
 ParOldGen       total 68608K, used 46993K [0x0000000080000000, 0x0000000084300000, 0x00000000d5580000)
  object space 68608K, 68% used [0x0000000080000000,0x0000000082de4738,0x0000000084300000)
 Metaspace       used 58648K, committed 60096K, reserved 1114112K
  class space    used 6312K, committed 6976K, reserved 1048576K
}
Event: 14.108 GC heap after
{Heap after GC invocations=46 (full 3):
 PSYoungGen      total 23040K, used 1824K [0x00000000d5580000, 0x00000000d6e00000, 0x0000000100000000)
  eden space 20992K, 0% used [0x00000000d5580000,0x00000000d5580000,0x00000000d6a00000)
  from space 2048K, 89% used [0x00000000d6a00000,0x00000000d6bc8010,0x00000000d6c00000)
  to   space 2048K, 0% used [0x00000000d6c00000,0x00000000d6c00000,0x00000000d6e00000)
 ParOldGen       total 68608K, used 48310K [0x0000000080000000, 0x0000000084300000, 0x00000000d5580000)
  object space 68608K, 70% used [0x0000000080000000,0x0000000082f2dab0,0x0000000084300000)
 Metaspace       used 58648K, committed 60096K, reserved 1114112K
  class space    used 6312K, committed 6976K, reserved 1048576K
}
Event: 14.129 GC heap before
{Heap before GC invocations=47 (full 3):
 PSYoungGen      total 23040K, used 22816K [0x00000000d5580000, 0x00000000d6e00000, 0x0000000100000000)
  eden space 20992K, 100% used [0x00000000d5580000,0x00000000d6a00000,0x00000000d6a00000)
  from space 2048K, 89% used [0x00000000d6a00000,0x00000000d6bc8010,0x00000000d6c00000)
  to   space 2048K, 0% used [0x00000000d6c00000,0x00000000d6c00000,0x00000000d6e00000)
 ParOldGen       total 68608K, used 48310K [0x0000000080000000, 0x0000000084300000, 0x00000000d5580000)
  object space 68608K, 70% used [0x0000000080000000,0x0000000082f2dab0,0x0000000084300000)
 Metaspace       used 58659K, committed 60096K, reserved 1114112K
  class space    used 6312K, committed 6976K, reserved 1048576K
}
Event: 14.130 GC heap after
{Heap after GC invocations=47 (full 3):
 PSYoungGen      total 23040K, used 1696K [0x00000000d5580000, 0x00000000d6e00000, 0x0000000100000000)
  eden space 20992K, 0% used [0x00000000d5580000,0x00000000d5580000,0x00000000d6a00000)
  from space 2048K, 82% used [0x00000000d6c00000,0x00000000d6da8010,0x00000000d6e00000)
  to   space 2048K, 0% used [0x00000000d6a00000,0x00000000d6a00000,0x00000000d6c00000)
 ParOldGen       total 68608K, used 49833K [0x0000000080000000, 0x0000000084300000, 0x00000000d5580000)
  object space 68608K, 72% used [0x0000000080000000,0x00000000830aa650,0x0000000084300000)
 Metaspace       used 58659K, committed 60096K, reserved 1114112K
  class space    used 6312K, committed 6976K, reserved 1048576K
}
Event: 14.148 GC heap before
{Heap before GC invocations=48 (full 3):
 PSYoungGen      total 23040K, used 22688K [0x00000000d5580000, 0x00000000d6e00000, 0x0000000100000000)
  eden space 20992K, 100% used [0x00000000d5580000,0x00000000d6a00000,0x00000000d6a00000)
  from space 2048K, 82% used [0x00000000d6c00000,0x00000000d6da8010,0x00000000d6e00000)
  to   space 2048K, 0% used [0x00000000d6a00000,0x00000000d6a00000,0x00000000d6c00000)
 ParOldGen       total 68608K, used 49833K [0x0000000080000000, 0x0000000084300000, 0x00000000d5580000)
  object space 68608K, 72% used [0x0000000080000000,0x00000000830aa650,0x0000000084300000)
 Metaspace       used 58663K, committed 60096K, reserved 1114112K
  class space    used 6312K, committed 6976K, reserved 1048576K
}
Event: 14.150 GC heap after
{Heap after GC invocations=48 (full 3):
 PSYoungGen      total 23040K, used 1472K [0x00000000d5580000, 0x00000000d6e00000, 0x0000000100000000)
  eden space 20992K, 0% used [0x00000000d5580000,0x00000000d5580000,0x00000000d6a00000)
  from space 2048K, 71% used [0x00000000d6a00000,0x00000000d6b70000,0x00000000d6c00000)
  to   space 2048K, 0% used [0x00000000d6c00000,0x00000000d6c00000,0x00000000d6e00000)
 ParOldGen       total 68608K, used 51408K [0x0000000080000000, 0x0000000084300000, 0x00000000d5580000)
  object space 68608K, 74% used [0x0000000080000000,0x0000000083234038,0x0000000084300000)
 Metaspace       used 58663K, committed 60096K, reserved 1114112K
  class space    used 6312K, committed 6976K, reserved 1048576K
}
Event: 14.181 GC heap before
{Heap before GC invocations=49 (full 3):
 PSYoungGen      total 23040K, used 22464K [0x00000000d5580000, 0x00000000d6e00000, 0x0000000100000000)
  eden space 20992K, 100% used [0x00000000d5580000,0x00000000d6a00000,0x00000000d6a00000)
  from space 2048K, 71% used [0x00000000d6a00000,0x00000000d6b70000,0x00000000d6c00000)
  to   space 2048K, 0% used [0x00000000d6c00000,0x00000000d6c00000,0x00000000d6e00000)
 ParOldGen       total 68608K, used 51408K [0x0000000080000000, 0x0000000084300000, 0x00000000d5580000)
  object space 68608K, 74% used [0x0000000080000000,0x0000000083234038,0x0000000084300000)
 Metaspace       used 58675K, committed 60096K, reserved 1114112K
  class space    used 6312K, committed 6976K, reserved 1048576K
}
Event: 14.184 GC heap after
{Heap after GC invocations=49 (full 3):
 PSYoungGen      total 23040K, used 1536K [0x00000000d5580000, 0x00000000d6e00000, 0x0000000100000000)
  eden space 20992K, 0% used [0x00000000d5580000,0x00000000d5580000,0x00000000d6a00000)
  from space 2048K, 75% used [0x00000000d6c00000,0x00000000d6d80000,0x00000000d6e00000)
  to   space 2048K, 0% used [0x00000000d6a00000,0x00000000d6a00000,0x00000000d6c00000)
 ParOldGen       total 68608K, used 52677K [0x0000000080000000, 0x0000000084300000, 0x00000000d5580000)
  object space 68608K, 76% used [0x0000000080000000,0x0000000083371588,0x0000000084300000)
 Metaspace       used 58675K, committed 60096K, reserved 1114112K
  class space    used 6312K, committed 6976K, reserved 1048576K
}
Event: 14.209 GC heap before
{Heap before GC invocations=50 (full 3):
 PSYoungGen      total 23040K, used 22528K [0x00000000d5580000, 0x00000000d6e00000, 0x0000000100000000)
  eden space 20992K, 100% used [0x00000000d5580000,0x00000000d6a00000,0x00000000d6a00000)
  from space 2048K, 75% used [0x00000000d6c00000,0x00000000d6d80000,0x00000000d6e00000)
  to   space 2048K, 0% used [0x00000000d6a00000,0x00000000d6a00000,0x00000000d6c00000)
 ParOldGen       total 68608K, used 52677K [0x0000000080000000, 0x0000000084300000, 0x00000000d5580000)
  object space 68608K, 76% used [0x0000000080000000,0x0000000083371588,0x0000000084300000)
 Metaspace       used 58685K, committed 60096K, reserved 1114112K
  class space    used 6312K, committed 6976K, reserved 1048576K
}
Event: 14.211 GC heap after
{Heap after GC invocations=50 (full 3):
 PSYoungGen      total 23040K, used 1984K [0x00000000d5580000, 0x00000000d6f00000, 0x0000000100000000)
  eden space 20992K, 0% used [0x00000000d5580000,0x00000000d5580000,0x00000000d6a00000)
  from space 2048K, 96% used [0x00000000d6a00000,0x00000000d6bf0010,0x00000000d6c00000)
  to   space 2560K, 0% used [0x00000000d6c80000,0x00000000d6c80000,0x00000000d6f00000)
 ParOldGen       total 68608K, used 54101K [0x0000000080000000, 0x0000000084300000, 0x00000000d5580000)
  object space 68608K, 78% used [0x0000000080000000,0x00000000834d5588,0x0000000084300000)
 Metaspace       used 58685K, committed 60096K, reserved 1114112K
  class space    used 6312K, committed 6976K, reserved 1048576K
}
Event: 14.310 GC heap before
{Heap before GC invocations=51 (full 3):
 PSYoungGen      total 23040K, used 22976K [0x00000000d5580000, 0x00000000d6f00000, 0x0000000100000000)
  eden space 20992K, 100% used [0x00000000d5580000,0x00000000d6a00000,0x00000000d6a00000)
  from space 2048K, 96% used [0x00000000d6a00000,0x00000000d6bf0010,0x00000000d6c00000)
  to   space 2560K, 0% used [0x00000000d6c80000,0x00000000d6c80000,0x00000000d6f00000)
 ParOldGen       total 68608K, used 54101K [0x0000000080000000, 0x0000000084300000, 0x00000000d5580000)
  object space 68608K, 78% used [0x0000000080000000,0x00000000834d5588,0x0000000084300000)
 Metaspace       used 58955K, committed 60352K, reserved 1114112K
  class space    used 6344K, committed 6976K, reserved 1048576K
}
Event: 14.314 GC heap after
{Heap after GC invocations=51 (full 3):
 PSYoungGen      total 16896K, used 2531K [0x00000000d5580000, 0x00000000d7c00000, 0x0000000100000000)
  eden space 14336K, 0% used [0x00000000d5580000,0x00000000d5580000,0x00000000d6380000)
  from space 2560K, 98% used [0x00000000d6c80000,0x00000000d6ef8fe0,0x00000000d6f00000)
  to   space 9216K, 0% used [0x00000000d6380000,0x00000000d6380000,0x00000000d6c80000)
 ParOldGen       total 68608K, used 59389K [0x0000000080000000, 0x0000000084300000, 0x00000000d5580000)
  object space 68608K, 86% used [0x0000000080000000,0x00000000839ff598,0x0000000084300000)
 Metaspace       used 58955K, committed 60352K, reserved 1114112K
  class space    used 6344K, committed 6976K, reserved 1048576K
}

