<?xml version="1.0" encoding="UTF-8"?>
<testng-results ignored="0" total="1" passed="1" failed="0" skipped="0">
  <reporter-output>
  </reporter-output>
  <suite started-at="2026-01-21T16:18:04 IST" name="Zenit Automation Suite" finished-at="2026-01-21T16:19:44 IST" duration-ms="100721">
    <groups>
    </groups>
    <test started-at="2026-01-21T16:18:04 IST" name="SunNxt Tests" finished-at="2026-01-21T16:19:44 IST" duration-ms="100721">
      <class name="com.zenit.SunNxtTest">
        <test-method is-config="true" signature="setup()[pri:0, instance:com.zenit.SunNxtTest@6356695f]" started-at="2026-01-21T16:18:05 IST" name="setup" finished-at="2026-01-21T16:18:13 IST" duration-ms="8525" status="PASS">
          <reporter-output>
          </reporter-output>
        </test-method> <!-- setup -->
        <test-method signature="testSunNxtSignup(int)[pri:0, instance:com.zenit.SunNxtTest@6356695f]" started-at="2026-01-21T16:18:13 IST" name="testSunNxtSignup" data-provider="accountCount" finished-at="2026-01-21T16:19:42 IST" duration-ms="88941" status="PASS">
          <params>
            <param index="0">
              <value>
                <![CDATA[1]]>
              </value>
            </param>
          </params>
          <reporter-output>
          </reporter-output>
        </test-method> <!-- testSunNxtSignup -->
        <test-method is-config="true" signature="teardown()[pri:0, instance:com.zenit.SunNxtTest@6356695f]" started-at="2026-01-21T16:19:42 IST" name="teardown" finished-at="2026-01-21T16:19:44 IST" duration-ms="2135" status="PASS">
          <reporter-output>
          </reporter-output>
        </test-method> <!-- teardown -->
      </class> <!-- com.zenit.SunNxtTest -->
    </test> <!-- SunNxt Tests -->
  </suite> <!-- Zenit Automation Suite -->
</testng-results>
